<?xml version="1.0" encoding="UTF-8"?>
<testsuite xmlns:xsi="http://www.w3.org/2001/XMLSchema-instance" xsi:noNamespaceSchemaLocation="https://maven.apache.org/surefire/maven-surefire-plugin/xsd/surefire-test-report.xsd" name="BirdWatcherTest" time="1.301" tests="10" errors="0" skipped="0" failures="1">
  <properties>
[...]
</properties>
  <testcase name="itShouldNotHaveBusyDays" classname="BirdWatcherTest" time="0.601"/>
  <testcase name="itShouldReturnZeroIfBirdWatcherLastWeekIsEmpty" classname="BirdWatcherTest" time="0"/>
  <testcase name="itShouldNotHaveDaysWithoutBirds" classname="BirdWatcherTest" time="0"/>
  <testcase name="itTestGetLastWeek" classname="BirdWatcherTest" time="0.097"/>
  <testcase name="itHasDayWithoutBirds" classname="BirdWatcherTest" time="0.104">
    <failure message="&#10;Expecting value to be true but was false expected:&lt;[tru]e&gt; but was:&lt;[fals]e&gt;" type="org.junit.ComparisonFailure"><![CDATA[org.junit.ComparisonFailure: 

Expecting value to be true but was false expected:<[tru]e> but was:<[fals]e>
	at BirdWatcherTest.itHasDayWithoutBirds(BirdWatcherTest.java:51)
]]></failure>
  </testcase>
  <testcase name="itTestGetCountForBusyDays" classname="BirdWatcherTest" time="0.001"/>
  <testcase name="itTestGetCountForFirstDays" classname="BirdWatcherTest" time="0"/>
  <testcase name="itTestGetToday" classname="BirdWatcherTest" time="0"/>
  <testcase name="itIncrementTodaysCount" classname="BirdWatcherTest" time="0"/>
  <testcase name="itTestGetCountForMoreDaysThanTheArraySize" classname="BirdWatcherTest" time="0"/>
</testsuite>