<?xml version="1.0" encoding="UTF-8"?>
<testsuite xmlns:xsi="http://www.w3.org/2001/XMLSchema-instance" xsi:noNamespaceSchemaLocation="https://maven.apache.org/surefire/maven-surefire-plugin/xsd/surefire-test-report.xsd" name="LasagnaTest" time="0.907" tests="10" errors="0" skipped="0" failures="0">
  <properties>
[...]
</properties>
  <testcase name="total_time_in_minutes_for_multiple_layers" classname="LasagnaTest" time="0.512"/>
  <testcase name="total_time_in_minutes_for_one_layer" classname="LasagnaTest" time="0"/>
  <testcase name="remaining_minutes_in_oven" classname="LasagnaTest" time="0.003"/>
  <testcase name="preparation_time_in_minutes_for_one_layer" classname="LasagnaTest" time="0"/>
  <testcase name="expected_minutes_in_oven" classname="LasagnaTest" time="0.001"/>
  <testcase name="implemented_total_time_in_minutes" classname="LasagnaTest" time="0.078"/>
  <testcase name="implemented_remaining_minutes_in_oven" classname="LasagnaTest" time="0"/>
  <testcase name="preparation_time_in_minutes_for_multiple_layers" classname="LasagnaTest" time="0"/>
  <testcase name="implemented_expected_minutes_in_oven" classname="LasagnaTest" time="0.001"/>
  <testcase name="implemented_preparation_time_in_minutes" classname="LasagnaTest" time="0.005"/>
</testsuite>